0 info it worked if it ends with ok
1 verbose cli [ '/usr/bin/node', '/usr/bin/npm', 'start' ]
2 info using npm@3.10.2
3 info using node@v6.2.2
4 verbose run-script [ 'prestart', 'start', 'poststart' ]
5 info lifecycle gunt@0.0.1~prestart: gunt@0.0.1
6 silly lifecycle gunt@0.0.1~prestart: no script for prestart, continuing
7 info lifecycle gunt@0.0.1~start: gunt@0.0.1
8 verbose lifecycle gunt@0.0.1~start: unsafe-perm in lifecycle true
9 verbose lifecycle gunt@0.0.1~start: PATH: /usr/lib/node_modules/npm/bin/node-gyp-bin:/home/moonblade/workspace/gunt/node/node_modules/.bin:/usr/bin:/home/moonblade/.npm-global/bin:/usr/local/heroku/bin:/home/moonblade/workspace/executable:/home/moonblade/Android/sdk/tools:/usr/local/sbin:/usr/local/bin:/usr/bin:/opt/android-sdk/platform-tools:/usr/lib/jvm/default/bin:/usr/bin/site_perl:/usr/bin/vendor_perl:/usr/bin/core_perl:/home/moonblade/Android/Sdk/tools/:/home/moonblade/Android/Sdk/platform-tools/:/usr/bin/fastboot:/opt/lampp/
10 verbose lifecycle gunt@0.0.1~start: CWD: /home/moonblade/workspace/gunt/node
11 silly lifecycle gunt@0.0.1~start: Args: [ '-c', 'nodemon index.js' ]
12 silly lifecycle gunt@0.0.1~start: Returned: code: 1  signal: null
13 info lifecycle gunt@0.0.1~start: Failed to exec start script
14 verbose stack Error: gunt@0.0.1 start: `nodemon index.js`
14 verbose stack Exit status 1
14 verbose stack     at EventEmitter.<anonymous> (/usr/lib/node_modules/npm/lib/utils/lifecycle.js:242:16)
14 verbose stack     at emitTwo (events.js:106:13)
14 verbose stack     at EventEmitter.emit (events.js:191:7)
14 verbose stack     at ChildProcess.<anonymous> (/usr/lib/node_modules/npm/lib/utils/spawn.js:40:14)
14 verbose stack     at emitTwo (events.js:106:13)
14 verbose stack     at ChildProcess.emit (events.js:191:7)
14 verbose stack     at maybeClose (internal/child_process.js:852:16)
14 verbose stack     at Process.ChildProcess._handle.onexit (internal/child_process.js:215:5)
15 verbose pkgid gunt@0.0.1
16 verbose cwd /home/moonblade/workspace/gunt/node
17 error Linux 4.6.3-1-ARCH
18 error argv "/usr/bin/node" "/usr/bin/npm" "start"
19 error node v6.2.2
20 error npm  v3.10.2
21 error code ELIFECYCLE
22 error gunt@0.0.1 start: `nodemon index.js`
22 error Exit status 1
23 error Failed at the gunt@0.0.1 start script 'nodemon index.js'.
23 error Make sure you have the latest version of node.js and npm installed.
23 error If you do, this is most likely a problem with the gunt package,
23 error not with npm itself.
23 error Tell the author that this fails on your system:
23 error     nodemon index.js
23 error You can get information on how to open an issue for this project with:
23 error     npm bugs gunt
23 error Or if that isn't available, you can get their info via:
23 error     npm owner ls gunt
23 error There is likely additional logging output above.
24 verbose exit [ 1, true ]
